# JRE version: OpenJDK Runtime Environment (7.0_51-b31) (build 1.7.0_51-b31)
# Java VM: OpenJDK 64-Bit Server VM (24.51-b03 mixed mode linux-amd64 compressed oops)
Heap
 PSYoungGen      total 402944K, used 10720K [0x00000007c1680000, 0x00000007dab80000, 0x0000000800000000)
  eden space 392192K, 0% used [0x00000007c1680000,0x00000007c1680000,0x00000007d9580000)
  from space 10752K, 99% used [0x00000007d9580000,0x00000007d9ff8128,0x00000007da000000)
  to   space 9728K, 0% used [0x00000007da000000,0x00000007da000000,0x00000007da980000)
 ParOldGen       total 128000K, used 5402K [0x0000000744400000, 0x000000074c100000, 0x00000007c1680000)
  object space 128000K, 4% used [0x0000000744400000,0x0000000744946948,0x000000074c100000)
 PSPermGen       total 21504K, used 19931K [0x0000000739e00000, 0x000000073b300000, 0x0000000744400000)
  object space 21504K, 92% used [0x0000000739e00000,0x000000073b176da8,0x000000073b300000)
GC Heap History (10 events):
Event: 1,502 GC heap after
Heap after GC invocations=2 (full 0):
 PSYoungGen      total 105984K, used 6943K [0x00000007c1680000, 0x00000007c8580000, 0x0000000800000000)
  eden space 98304K, 0% used [0x00000007c1680000,0x00000007c1680000,0x00000007c7680000)
  from space 7680K, 90% used [0x00000007c7e00000,0x00000007c84c7e58,0x00000007c8580000)
  to   space 7680K, 0% used [0x00000007c7680000,0x00000007c7680000,0x00000007c7e00000)
 ParOldGen       total 128000K, used 8K [0x0000000744400000, 0x000000074c100000, 0x00000007c1680000)
  object space 128000K, 0% used [0x0000000744400000,0x0000000744402000,0x000000074c100000)
 PSPermGen       total 21504K, used 15542K [0x0000000739e00000, 0x000000073b300000, 0x0000000744400000)
  object space 21504K, 72% used [0x0000000739e00000,0x000000073ad2d9f8,0x000000073b300000)
}
Event: 2,494 GC heap before
{Heap before GC invocations=3 (full 0):
 PSYoungGen      total 105984K, used 105247K [0x00000007c1680000, 0x00000007c8580000, 0x0000000800000000)
  eden space 98304K, 100% used [0x00000007c1680000,0x00000007c7680000,0x00000007c7680000)
  from space 7680K, 90% used [0x00000007c7e00000,0x00000007c84c7e58,0x00000007c8580000)
  to   space 7680K, 0% used [0x00000007c7680000,0x00000007c7680000,0x00000007c7e00000)
 ParOldGen       total 128000K, used 8K [0x0000000744400000, 0x000000074c100000, 0x00000007c1680000)
  object space 128000K, 0% used [0x0000000744400000,0x0000000744402000,0x000000074c100000)
 PSPermGen       total 21504K, used 18146K [0x0000000739e00000, 0x000000073b300000, 0x0000000744400000)
  object space 21504K, 84% used [0x0000000739e00000,0x000000073afb8b38,0x000000073b300000)
Event: 2,504 GC heap after
Heap after GC invocations=3 (full 0):
 PSYoungGen      total 105984K, used 6384K [0x00000007c1680000, 0x00000007ce580000, 0x0000000800000000)
  eden space 98304K, 0% used [0x00000007c1680000,0x00000007c1680000,0x00000007c7680000)
  from space 7680K, 83% used [0x00000007c7680000,0x00000007c7cbc1c8,0x00000007c7e00000)
  to   space 7680K, 0% used [0x00000007cde00000,0x00000007cde00000,0x00000007ce580000)
 ParOldGen       total 128000K, used 24K [0x0000000744400000, 0x000000074c100000, 0x00000007c1680000)
  object space 128000K, 0% used [0x0000000744400000,0x0000000744406000,0x000000074c100000)
 PSPermGen       total 21504K, used 18146K [0x0000000739e00000, 0x000000073b300000, 0x0000000744400000)
  object space 21504K, 84% used [0x0000000739e00000,0x000000073afb8b38,0x000000073b300000)
}
Event: 2,682 GC heap before
{Heap before GC invocations=4 (full 0):
 PSYoungGen      total 105984K, used 104688K [0x00000007c1680000, 0x00000007ce580000, 0x0000000800000000)
  eden space 98304K, 100% used [0x00000007c1680000,0x00000007c7680000,0x00000007c7680000)
  from space 7680K, 83% used [0x00000007c7680000,0x00000007c7cbc1c8,0x00000007c7e00000)
  to   space 7680K, 0% used [0x00000007cde00000,0x00000007cde00000,0x00000007ce580000)
 ParOldGen       total 128000K, used 24K [0x0000000744400000, 0x000000074c100000, 0x00000007c1680000)
  object space 128000K, 0% used [0x0000000744400000,0x0000000744406000,0x000000074c100000)
 PSPermGen       total 21504K, used 18931K [0x0000000739e00000, 0x000000073b300000, 0x0000000744400000)
  object space 21504K, 88% used [0x0000000739e00000,0x000000073b07cf58,0x000000073b300000)
Event: 2,691 GC heap after
Heap after GC invocations=4 (full 0):
 PSYoungGen      total 204288K, used 7458K [0x00000007c1680000, 0x00000007ce580000, 0x0000000800000000)
  eden space 196608K, 0% used [0x00000007c1680000,0x00000007c1680000,0x00000007cd680000)
  from space 7680K, 97% used [0x00000007cde00000,0x00000007ce548960,0x00000007ce580000)
  to   space 7680K, 0% used [0x00000007cd680000,0x00000007cd680000,0x00000007cde00000)
 ParOldGen       total 128000K, used 32K [0x0000000744400000, 0x000000074c100000, 0x00000007c1680000)
  object space 128000K, 0% used [0x0000000744400000,0x0000000744408000,0x000000074c100000)
 PSPermGen       total 21504K, used 18931K [0x0000000739e00000, 0x000000073b300000, 0x0000000744400000)
  object space 21504K, 88% used [0x0000000739e00000,0x000000073b07cf58,0x000000073b300000)
}
Event: 3,129 GC heap before
{Heap before GC invocations=5 (full 0):
 PSYoungGen      total 204288K, used 204066K [0x00000007c1680000, 0x00000007ce580000, 0x0000000800000000)
  eden space 196608K, 100% used [0x00000007c1680000,0x00000007cd680000,0x00000007cd680000)
  from space 7680K, 97% used [0x00000007cde00000,0x00000007ce548960,0x00000007ce580000)
  to   space 7680K, 0% used [0x00000007cd680000,0x00000007cd680000,0x00000007cde00000)
 ParOldGen       total 128000K, used 32K [0x0000000744400000, 0x000000074c100000, 0x00000007c1680000)
  object space 128000K, 0% used [0x0000000744400000,0x0000000744408000,0x000000074c100000)
 PSPermGen       total 21504K, used 19067K [0x0000000739e00000, 0x000000073b300000, 0x0000000744400000)
  object space 21504K, 88% used [0x0000000739e00000,0x000000073b09ee20,0x000000073b300000)
Event: 3,137 GC heap after
Heap after GC invocations=5 (full 0):
 PSYoungGen      total 204288K, used 7648K [0x00000007c1680000, 0x00000007da980000, 0x0000000800000000)
  eden space 196608K, 0% used [0x00000007c1680000,0x00000007c1680000,0x00000007cd680000)
  from space 7680K, 99% used [0x00000007cd680000,0x00000007cddf8060,0x00000007cde00000)
  to   space 9728K, 0% used [0x00000007da000000,0x00000007da000000,0x00000007da980000)
 ParOldGen       total 128000K, used 1890K [0x0000000744400000, 0x000000074c100000, 0x00000007c1680000)
  object space 128000K, 1% used [0x0000000744400000,0x00000007445d8810,0x000000074c100000)
 PSPermGen       total 21504K, used 19067K [0x0000000739e00000, 0x000000073b300000, 0x0000000744400000)
  object space 21504K, 88% used [0x0000000739e00000,0x000000073b09ee20,0x000000073b300000)
}
Event: 3,241 GC heap before
{Heap before GC invocations=6 (full 0):
 PSYoungGen      total 204288K, used 204256K [0x00000007c1680000, 0x00000007da980000, 0x0000000800000000)
  eden space 196608K, 100% used [0x00000007c1680000,0x00000007cd680000,0x00000007cd680000)
  from space 7680K, 99% used [0x00000007cd680000,0x00000007cddf8060,0x00000007cde00000)
  to   space 9728K, 0% used [0x00000007da000000,0x00000007da000000,0x00000007da980000)
 ParOldGen       total 128000K, used 1890K [0x0000000744400000, 0x000000074c100000, 0x00000007c1680000)
  object space 128000K, 1% used [0x0000000744400000,0x00000007445d8810,0x000000074c100000)
 PSPermGen       total 21504K, used 19185K [0x0000000739e00000, 0x000000073b300000, 0x0000000744400000)
  object space 21504K, 89% used [0x0000000739e00000,0x000000073b0bc538,0x000000073b300000)
Event: 3,256 GC heap after
Heap after GC invocations=6 (full 0):
 PSYoungGen      total 401920K, used 9712K [0x00000007c1680000, 0x00000007dab80000, 0x0000000800000000)
  eden space 392192K, 0% used [0x00000007c1680000,0x00000007c1680000,0x00000007d9580000)
  from space 9728K, 99% used [0x00000007da000000,0x00000007da97c050,0x00000007da980000)
  to   space 10752K, 0% used [0x00000007d9580000,0x00000007d9580000,0x00000007da000000)
 ParOldGen       total 128000K, used 1978K [0x0000000744400000, 0x000000074c100000, 0x00000007c1680000)
  object space 128000K, 1% used [0x0000000744400000,0x00000007445eea40,0x000000074c100000)
 PSPermGen       total 21504K, used 19185K [0x0000000739e00000, 0x000000073b300000, 0x0000000744400000)
  object space 21504K, 89% used [0x0000000739e00000,0x000000073b0bc538,0x000000073b300000)
}
Event: 4,094 GC heap before
{Heap before GC invocations=7 (full 0):
 PSYoungGen      total 401920K, used 401904K [0x00000007c1680000, 0x00000007dab80000, 0x0000000800000000)
  eden space 392192K, 100% used [0x00000007c1680000,0x00000007d9580000,0x00000007d9580000)
  from space 9728K, 99% used [0x00000007da000000,0x00000007da97c050,0x00000007da980000)
  to   space 10752K, 0% used [0x00000007d9580000,0x00000007d9580000,0x00000007da000000)
 ParOldGen       total 128000K, used 1978K [0x0000000744400000, 0x000000074c100000, 0x00000007c1680000)
  object space 128000K, 1% used [0x0000000744400000,0x00000007445eea40,0x000000074c100000)
 PSPermGen       total 21504K, used 19931K [0x0000000739e00000, 0x000000073b300000, 0x0000000744400000)
  object space 21504K, 92% used [0x0000000739e00000,0x000000073b176da8,0x000000073b300000)

